#
# There is insufficient memory for the Java Runtime Environment to continue.
# Native memory allocation (malloc) failed to allocate 441616 bytes for Chunk::new
# Possible reasons:
#   The system is out of physical RAM or swap space
#   In 32 bit mode, the process size limit was hit
# Possible solutions:
#   Reduce memory load on the system
#   Increase physical memory or swap space
#   Check if swap backing store is full
#   Use 64 bit Java on a 64 bit OS
#   Decrease Java heap size (-Xmx/-Xms)
#   Decrease number of Java threads
#   Decrease Java thread stack sizes (-Xss)
#   Set larger code cache with -XX:ReservedCodeCacheSize=
# This output file may be truncated or incomplete.
#
#  Out of Memory Error (allocation.cpp:390), pid=8856, tid=8280
#
# JRE version: Java(TM) SE Runtime Environment (8.0_60-b27) (build 1.8.0_60-b27)
# Java VM: Java HotSpot(TM) 64-Bit Server VM (25.60-b23 mixed mode windows-amd64 compressed oops)
# Failed to write core dump. Minidumps are not enabled by default on client versions of Windows
#

---------------  T H R E A D  ---------------

Current thread (0x0000000017386800):  JavaThread "C2 CompilerThread1" daemon [_thread_in_native, id=8280, stack(0x00000000189d0000,0x0000000018ad0000)]

Stack: [0x00000000189d0000,0x0000000018ad0000]
[error occurred during error reporting (printing stack bounds), id 0xc0000005]

Native frames: (J=compiled Java code, j=interpreted, Vv=VM code, C=native code)


Current CompileTask:
C2:    616  328       4       iter2_new.CachedTrie::resolveTop4 (117 bytes)


---------------  P R O C E S S  ---------------

Java Threads: ( => current thread )
  0x00000000173dd800 JavaThread "Service Thread" daemon [_thread_blocked, id=8220, stack(0x0000000018fd0000,0x00000000190d0000)]
  0x0000000017389800 JavaThread "C1 CompilerThread2" daemon [_thread_blocked, id=8448, stack(0x0000000018ad0000,0x0000000018bd0000)]
=>0x0000000017386800 JavaThread "C2 CompilerThread1" daemon [_thread_in_native, id=8280, stack(0x00000000189d0000,0x0000000018ad0000)]
  0x000000001737e000 JavaThread "C2 CompilerThread0" daemon [_thread_in_native, id=3780, stack(0x00000000188d0000,0x00000000189d0000)]
  0x000000001737a800 JavaThread "Attach Listener" daemon [_thread_blocked, id=9072, stack(0x00000000187d0000,0x00000000188d0000)]
  0x0000000017379800 JavaThread "Signal Dispatcher" daemon [_thread_blocked, id=9128, stack(0x00000000186d0000,0x00000000187d0000)]
  0x0000000002816000 JavaThread "Finalizer" daemon [_thread_blocked, id=2528, stack(0x00000000185d0000,0x00000000186d0000)]
  0x000000000280d000 JavaThread "Reference Handler" daemon [_thread_blocked, id=8484, stack(0x00000000184d0000,0x00000000185d0000)]
  0x0000000002720800 JavaThread "main" [_thread_in_native, id=8676, stack(0x0000000002520000,0x0000000002620000)]

Other Threads:
  0x0000000017347800 VMThread [stack: 0x00000000183d0000,0x00000000184d0000] [id=6016]
  0x0000000018c07800 WatcherThread [stack: 0x00000000190d0000,0x00000000191d0000] [id=4012]

VM state:not at safepoint (normal execution)

VM Mutex/Monitor currently owned by a thread: None

Heap:
 PSYoungGen      total 38400K, used 7044K [0x00000000d5d00000, 0x00000000da800000, 0x0000000100000000)
  eden space 33280K, 5% used [0x00000000d5d00000,0x00000000d5ee9358,0x00000000d7d80000)
  from space 5120K, 99% used [0x00000000d7d80000,0x00000000d8278040,0x00000000d8280000)
  to   space 5120K, 0% used [0x00000000da300000,0x00000000da300000,0x00000000da800000)
 ParOldGen       total 87552K, used 1504K [0x0000000081600000, 0x0000000086b80000, 0x00000000d5d00000)
  object space 87552K, 1% used [0x0000000081600000,0x0000000081778000,0x0000000086b80000)
 Metaspace       used 2965K, capacity 4566K, committed 4864K, reserved 1056768K
  class space    used 319K, capacity 390K, committed 512K, reserved 1048576K

Card table byte_map: [0x0000000011be0000,0x0000000011fe0000] byte_map_base: 0x00000000117d5000

Marking Bits: (ParMarkBitMap*) 0x0000000066dba5b0
 Begin Bits: [0x0000000012690000, 0x0000000014638000)
 End Bits:   [0x0000000014638000, 0x00000000165e0000)

Polling page: 0x0000000000eb0000

CodeCache: size=245760Kb used=2001Kb max_used=2001Kb free=243758Kb
 bounds [0x0000000002820000, 0x0000000002a90000, 0x0000000011820000]
 total_blobs=543 nmethods=308 adapters=148
 compilation: enabled

Compilation events (10 events):
Event: 0.492 Thread 0x0000000017386800 nmethod 300 0x0000000002a10090 code [0x0000000002a10220, 0x0000000002a10898]
Event: 0.492 Thread 0x0000000017386800  328       4       iter2_new.CachedTrie::resolveTop4 (117 bytes)
Event: 0.497 Thread 0x0000000017389800  330 %     3       java.lang.AbstractStringBuilder::append @ 101 (144 bytes)
Event: 0.498 Thread 0x0000000017389800 nmethod 330% 0x0000000002a0ced0 code [0x0000000002a0d180, 0x0000000002a0e4b8]
Event: 0.502 Thread 0x0000000017389800  332 %     3       iter2_new.CachedTrie::findInsertPosition @ 26 (67 bytes)
Event: 0.504 Thread 0x0000000017389800 nmethod 332% 0x0000000002a10dd0 code [0x0000000002a11080, 0x0000000002a12448]
Event: 0.518 Thread 0x0000000017389800  335       3       java.lang.AbstractStringBuilder::append (144 bytes)
Event: 0.520 Thread 0x0000000017389800 nmethod 335 0x0000000002a13090 code [0x0000000002a13340, 0x0000000002a14598]
Event: 0.529 Thread 0x0000000017389800  336       3       iter2_new.CachedTrie::findInsertPosition (67 bytes)
Event: 0.531 Thread 0x0000000017389800 nmethod 336 0x0000000002a14e90 code [0x0000000002a15140, 0x0000000002a16448]

GC Heap History (2 events):
Event: 0.550 GC heap before
{Heap before GC invocations=1 (full 0):
 PSYoungGen      total 38400K, used 33280K [0x00000000d5d00000, 0x00000000d8780000, 0x0000000100000000)
  eden space 33280K, 100% used [0x00000000d5d00000,0x00000000d7d80000,0x00000000d7d80000)
  from space 5120K, 0% used [0x00000000d8280000,0x00000000d8280000,0x00000000d8780000)
  to   space 5120K, 0% used [0x00000000d7d80000,0x00000000d7d80000,0x00000000d8280000)
 ParOldGen       total 87552K, used 0K [0x0000000081600000, 0x0000000086b80000, 0x00000000d5d00000)
  object space 87552K, 0% used [0x0000000081600000,0x0000000081600000,0x0000000086b80000)
 Metaspace       used 2965K, capacity 4566K, committed 4864K, reserved 1056768K
  class space    used 319K, capacity 390K, committed 512K, reserved 1048576K
Event: 0.569 GC heap after
Heap after GC invocations=1 (full 0):
 PSYoungGen      total 38400K, used 5088K [0x00000000d5d00000, 0x00000000da800000, 0x0000000100000000)
  eden space 33280K, 0% used [0x00000000d5d00000,0x00000000d5d00000,0x00000000d7d80000)
  from space 5120K, 99% used [0x00000000d7d80000,0x00000000d8278040,0x00000000d8280000)
  to   space 5120K, 0% used [0x00000000da300000,0x00000000da300000,0x00000000da800000)
 ParOldGen       total 87552K, used 1504K [0x0000000081600000, 0x0000000086b80000, 0x00000000d5d00000)
  object space 87552K, 1% used [0x0000000081600000,0x0000000081778000,0x0000000086b80000)
 Metaspace       used 2965K, capacity 4566K, committed 4864K, reserved 1056768K
  class space    used 319K, capacity 390K, committed 512K, reserved 1048576K
}

Deoptimization events (10 events):
Event: 0.295 Thread 0x0000000002720800 Uncommon trap: reason=array_check action=maybe_recompile pc=0x00000000029bcaec method=java.util.AbstractCollection.toArray([Ljava/lang/Object;)[Ljava/lang/Object; @ 119
Event: 0.295 Thread 0x0000000002720800 Uncommon trap: reason=array_check action=maybe_recompile pc=0x00000000029bcaec method=java.util.AbstractCollection.toArray([Ljava/lang/Object;)[Ljava/lang/Object; @ 119
Event: 0.295 Thread 0x0000000002720800 Uncommon trap: reason=array_check action=maybe_recompile pc=0x00000000029bcaec method=java.util.AbstractCollection.toArray([Ljava/lang/Object;)[Ljava/lang/Object; @ 119
Event: 0.295 Thread 0x0000000002720800 Uncommon trap: reason=array_check action=maybe_recompile pc=0x00000000029bcaec method=java.util.AbstractCollection.toArray([Ljava/lang/Object;)[Ljava/lang/Object; @ 119
Event: 0.352 Thread 0x0000000002720800 Uncommon trap: reason=unstable_if action=reinterpret pc=0x00000000029c9da4 method=java.util.regex.Pattern$Start.match(Ljava/util/regex/Matcher;ILjava/lang/CharSequence;)Z @ 10
Event: 0.357 Thread 0x0000000002720800 Uncommon trap: reason=unstable_if action=reinterpret pc=0x0000000002979c5c method=java.lang.String.substring(II)Ljava/lang/String; @ 58
Event: 0.454 Thread 0x0000000002720800 Uncommon trap: reason=bimorphic action=maybe_recompile pc=0x00000000029ea98c method=java.util.regex.Pattern$Start.<init>(Ljava/util/regex/Pattern$Node;)V @ 22
Event: 0.454 Thread 0x0000000002720800 Uncommon trap: reason=bimorphic action=maybe_recompile pc=0x00000000029ea98c method=java.util.regex.Pattern$Start.<init>(Ljava/util/regex/Pattern$Node;)V @ 22
Event: 0.455 Thread 0x0000000002720800 Uncommon trap: reason=bimorphic action=maybe_recompile pc=0x00000000029ea98c method=java.util.regex.Pattern$Start.<init>(Ljava/util/regex/Pattern$Node;)V @ 22
Event: 0.456 Thread 0x0000000002720800 Uncommon trap: reason=bimorphic action=maybe_recompile pc=0x00000000029ea98c method=java.util.regex.Pattern$Start.<init>(Ljava/util/regex/Pattern$Node;)V @ 22

Internal exceptions (2 events):
Event: 0.058 Thread 0x0000000002720800 Exception <a 'java/lang/NoSuchMethodError': Method sun.misc.Unsafe.defineClass(Ljava/lang/String;[BII)Ljava/lang/Class; name or signature does not match> (0x00000000d5d0cfe8) thrown at [C:\re\workspace\8-2-build-windows-amd64-cygwin\jdk8u60\4407\hotspot\srV%ÏˆEø­?
Event: 0.059 Thread 0x0000000002720800 Exception <a 'java/lang/NoSuchMethodError': Method sun.misc.Unsafe.prefetchRead(Ljava/lang/Object;J)V name or signature does not match> (0x00000000d5d0d2d0) thrown at [C:\re\workspace\8-2-build-windows-amd64-cygwin\jdk8u60\4407\hotspot\src\share\vm\prims\j

Events (10 events):
Event: 0.454 Thread 0x0000000002720800 DEOPT PACKING pc=0x00000000029ea98c sp=0x000000000261f570
Event: 0.454 Thread 0x0000000002720800 DEOPT UNPACKING pc=0x000000000286582a sp=0x000000000261f4a8 mode 2
Event: 0.455 Thread 0x0000000002720800 Uncommon trap: trap_request=0xffffffc6 fr.pc=0x00000000029ea98c
Event: 0.455 Thread 0x0000000002720800 DEOPT PACKING pc=0x00000000029ea98c sp=0x000000000261f570
Event: 0.455 Thread 0x0000000002720800 DEOPT UNPACKING pc=0x000000000286582a sp=0x000000000261f4a8 mode 2
Event: 0.456 Thread 0x0000000002720800 Uncommon trap: trap_request=0xffffffc6 fr.pc=0x00000000029ea98c
Event: 0.456 Thread 0x0000000002720800 DEOPT PACKING pc=0x00000000029ea98c sp=0x000000000261f570
Event: 0.456 Thread 0x0000000002720800 DEOPT UNPACKING pc=0x000000000286582a sp=0x000000000261f4a8 mode 2
Event: 0.550 Executing VM operation: ParallelGCFailedAllocation
Event: 0.569 Executing VM operation: ParallelGCFailedAllocation done


Dynamic libraries:
0x00007ff6963f0000 - 0x00007ff696427000 	C:\Program Files\Java\jre1.8.0_60\bin\javaw.exe
0x00007ffd28ff0000 - 0x00007ffd2919c000 	C:\Windows\SYSTEM32\ntdll.dll
0x00007ffd26670000 - 0x00007ffd267ae000 	C:\Windows\system32\KERNEL32.DLL
0x00007ffd26500000 - 0x00007ffd26615000 	C:\Windows\system32\KERNELBASE.dll
0x00007ffd24ce0000 - 0x00007ffd24d6e000 	C:\Windows\system32\apphelp.dll
0x00007ffcfc350000 - 0x00007ffcfc3a3000 	C:\Windows\AppPatch\AppPatch64\AcGenral.DLL
0x00007ffd28f40000 - 0x00007ffd28fea000 	C:\Windows\system32\msvcrt.dll
0x00007ffd25f10000 - 0x00007ffd25f3e000 	C:\Windows\SYSTEM32\SspiCli.dll
0x00007ffd28c00000 - 0x00007ffd28c54000 	C:\Windows\system32\SHLWAPI.dll
0x00007ffd26f10000 - 0x00007ffd27087000 	C:\Windows\system32\USER32.dll
0x00007ffd27090000 - 0x00007ffd27224000 	C:\Windows\system32\ole32.dll
0x00007ffd27440000 - 0x00007ffd2896b000 	C:\Windows\system32\SHELL32.dll
0x00007ffd256e0000 - 0x00007ffd25701000 	C:\Windows\SYSTEM32\USERENV.dll
0x00007ffd28980000 - 0x00007ffd28a2a000 	C:\Windows\system32\ADVAPI32.dll
0x00007ffd12580000 - 0x00007ffd1259e000 	C:\Windows\SYSTEM32\MPR.dll
0x00007ffd267b0000 - 0x00007ffd268f1000 	C:\Windows\system32\RPCRT4.dll
0x00007ffd26d40000 - 0x00007ffd26d99000 	C:\Windows\SYSTEM32\sechost.dll
0x00007ffd26b10000 - 0x00007ffd26d21000 	C:\Windows\SYSTEM32\combase.dll
0x00007ffd26900000 - 0x00007ffd26a4f000 	C:\Windows\system32\GDI32.dll
0x00007ffd26140000 - 0x00007ffd26155000 	C:\Windows\SYSTEM32\profapi.dll
0x00007ffd24500000 - 0x00007ffd245b2000 	C:\Windows\SYSTEM32\SHCORE.dll
0x00007ffd28c60000 - 0x00007ffd28c96000 	C:\Windows\system32\IMM32.DLL
0x00007ffd26da0000 - 0x00007ffd26ef2000 	C:\Windows\system32\MSCTF.dll
0x00007ffd23730000 - 0x00007ffd239ab000 	C:\Windows\WinSxS\amd64_microsoft.windows.common-controls_6595b64144ccf1df_6.0.9600.18006_none_623f33d3ecbe86e8\COMCTL32.dll
0x0000000066130000 - 0x0000000066202000 	C:\Program Files\Java\jre1.8.0_60\bin\msvcr100.dll
0x00000000665b0000 - 0x0000000066e39000 	C:\Program Files\Java\jre1.8.0_60\bin\server\jvm.dll
0x00007ffd23220000 - 0x00007ffd23229000 	C:\Windows\SYSTEM32\WSOCK32.dll
0x00007ffd20910000 - 0x00007ffd20932000 	C:\Windows\SYSTEM32\WINMM.dll
0x00007ffd235a0000 - 0x00007ffd235aa000 	C:\Windows\SYSTEM32\VERSION.dll
0x00007ffd26d30000 - 0x00007ffd26d37000 	C:\Windows\system32\PSAPI.DLL
0x00007ffd28aa0000 - 0x00007ffd28afa000 	C:\Windows\system32\WS2_32.dll
0x00007ffd208e0000 - 0x00007ffd2090a000 	C:\Windows\SYSTEM32\WINMMBASE.dll
0x00007ffd28bf0000 - 0x00007ffd28bf9000 	C:\Windows\system32\NSI.dll
0x00007ffd26620000 - 0x00007ffd2666f000 	C:\Windows\SYSTEM32\cfgmgr32.dll
0x00007ffd24f60000 - 0x00007ffd24f88000 	C:\Windows\SYSTEM32\DEVOBJ.dll
0x00000000665a0000 - 0x00000000665af000 	C:\Program Files\Java\jre1.8.0_60\bin\verify.dll
0x0000000066570000 - 0x0000000066599000 	C:\Program Files\Java\jre1.8.0_60\bin\java.dll
0x0000000066550000 - 0x0000000066566000 	C:\Program Files\Java\jre1.8.0_60\bin\zip.dll

VM Arguments:
jvm_args: -Dfile.encoding=Cp1252 -Xbootclasspath:C:\Program Files\Java\jre1.8.0_60\lib\resources.jar;C:\Program Files\Java\jre1.8.0_60\lib\rt.jar;C:\Program Files\Java\jre1.8.0_60\lib\jsse.jar;C:\Program Files\Java\jre1.8.0_60\lib\jce.jar;C:\Program Files\Java\jre1.8.0_60\lib\charsets.jar;C:\Program Files\Java\jre1.8.0_60\lib\jfr.jar 
java_command: iter2_new.userInput
java_class_path (initial): C:\Users\Xinzhu\Desktop\504Project\iter2_new\bin
Launcher Type: SUN_STANDARD

Environment Variables:
PATH=C:/Program Files/Java/jre1.8.0_60/bin/server;C:/Program Files/Java/jre1.8.0_60/bin;C:/Program Files/Java/jre1.8.0_60/lib/amd64;C:\ProgramData\Oracle\Java\javapath;C:\Program Files (x86)\Intel\iCLS Client\;C:\Program Files\Intel\iCLS Client\;C:\Windows\system32;C:\Windows;C:\Windows\System32\Wbem;C:\Windows\System32\WindowsPowerShell\v1.0\;C:\Program Files\Intel\Intel(R) Management Engine Components\DAL;C:\Program Files\Intel\Intel(R) Management Engine Components\IPT;C:\Program Files (x86)\Intel\Intel(R) Management Engine Components\DAL;C:\Program Files (x86)\Intel\Intel(R) Management Engine Components\IPT;C:\Program Files\Intel\WiFi\bin\;C:\Program Files\Common Files\Intel\WirelessCommon\;D:\eclipse\eclipse;
USERNAME=Xinzhu
OS=Windows_NT
PROCESSOR_IDENTIFIER=Intel64 Family 6 Model 69 Stepping 1, GenuineIntel



---------------  S Y S T E M  ---------------

OS: Windows 8.1 , 64 bit Build 9600 (6.3.9600.17415)

CPU:total 4 (2 cores per cpu, 2 threads per core) family 6 model 69 stepping 1, cmov, cx8, fxsr, mmx, sse, sse2, sse3, ssse3, sse4.1, sse4.2, popcnt, avx, avx2, aes, clmul, erms, lzcnt, ht, tsc, tscinvbit, bmi1, bmi2

Memory: 4k page, physical 8291424k(3616596k free), swap 11437152k(5548k free)

vm_info: Java HotSpot(TM) 64-Bit Server VM (25.60-b23) for windows-amd64 JRE (1.8.0_60-b27), built on Aug  4 2015 11:06:27 by "java_re" with MS VC++ 10.0 (VS2010)

time: Fri Nov 20 18:41:32 2015
elapsed time: 0 seconds (0d 0h 0m 0s)

